#
# There is insufficient memory for the Java Runtime Environment to continue.
# Native memory allocation (mmap) failed to map 130023424 bytes for G1 virtual space
# Possible reasons:
#   The system is out of physical RAM or swap space
#   The process is running with CompressedOops enabled, and the Java Heap may be blocking the growth of the native heap
# Possible solutions:
#   Reduce memory load on the system
#   Increase physical memory or swap space
#   Check if swap backing store is full
#   Decrease Java heap size (-Xmx/-Xms)
#   Decrease number of Java threads
#   Decrease Java thread stack sizes (-Xss)
#   Set larger code cache with -XX:ReservedCodeCacheSize=
#   JVM is running with Unscaled Compressed Oops mode in which the Java heap is
#     placed in the first 4GB address space. The Java Heap base address is the
#     maximum limit for the native heap growth. Please use -XX:HeapBaseMinAddress
#     to set the Java Heap base and to place the Java Heap above 4GB virtual address.
# This output file may be truncated or incomplete.
#
#  Out of Memory Error (os_windows.cpp:3530), pid=19860, tid=32460
#
# JRE version:  (18.0.1.1+2) (build )
# Java VM: Java HotSpot(TM) 64-Bit Server VM (18.0.1.1+2-6, mixed mode, sharing, tiered, compressed oops, compressed class ptrs, g1 gc, windows-amd64)
# No core dump will be written. Minidumps are not enabled by default on client versions of Windows
#

---------------  S U M M A R Y ------------

Command Line: -Dfile.encoding=UTF-8 -XX:+ShowCodeDetailsInExceptionMessages robot.Robot

Host: 11th Gen Intel(R) Core(TM) i5-11400H @ 2.70GHz, 12 cores, 7G,  Windows 11 , 64 bit Build 22000 (10.0.22000.675)
Time: Thu May 26 08:01:48 2022 SE Asia Standard Time elapsed time: 0.010933 seconds (0d 0h 0m 0s)

---------------  T H R E A D  ---------------

Current thread (0x0000023bfc7246a0):  JavaThread "Unknown thread" [_thread_in_vm, id=32460, stack(0x000000bcec700000,0x000000bcec800000)]

Stack: [0x000000bcec700000,0x000000bcec800000]
Native frames: (J=compiled Java code, j=interpreted, Vv=VM code, C=native code)
V  [jvm.dll+0x69887a]
V  [jvm.dll+0x7f38bd]
V  [jvm.dll+0x7f51ce]
V  [jvm.dll+0x7f5883]
V  [jvm.dll+0x25ca3f]
V  [jvm.dll+0x6957c9]
V  [jvm.dll+0x68a2fa]
V  [jvm.dll+0x321efb]
V  [jvm.dll+0x3298d6]
V  [jvm.dll+0x37e47e]
V  [jvm.dll+0x37e6af]
V  [jvm.dll+0x2f9c7a]
V  [jvm.dll+0x2facdd]
V  [jvm.dll+0x7c24f0]
V  [jvm.dll+0x38b801]
V  [jvm.dll+0x7a1203]
V  [jvm.dll+0x40d6bf]
V  [jvm.dll+0x40f091]
C  [jli.dll+0x526b]
C  [ucrtbase.dll+0x26c0c]
C  [KERNEL32.DLL+0x154e0]
C  [ntdll.dll+0x485b]


---------------  P R O C E S S  ---------------

Threads class SMR info:
_java_thread_list=0x00007ffd00dad550, length=0, elements={
}

Java Threads: ( => current thread )

Other Threads:
  0x0000023bfc7826e0 WorkerThread "GC Thread#0" [stack: 0x000000bcec800000,0x000000bcec900000] [id=30208]
  0x0000023bfc7954c0 ConcurrentGCThread "G1 Main Marker" [stack: 0x000000bcec900000,0x000000bceca00000] [id=14616]
  0x0000023bfc795db0 WorkerThread "G1 Conc#0" [stack: 0x000000bceca00000,0x000000bcecb00000] [id=25440]

[error occurred during error reporting (printing all threads), id 0xc0000005, EXCEPTION_ACCESS_VIOLATION (0xc0000005) at pc=0x00007ffd005da217]

VM state: not at safepoint (not fully initialized)

VM Mutex/Monitor currently owned by a thread:  ([mutex/lock_event])
[0x0000023bfc71e720] Heap_lock - owner thread: 0x0000023bfc7246a0

Heap address: 0x0000000084000000, size: 1984 MB, Compressed Oops mode: 32-bit

CDS archive(s) mapped at: [0x0000000000000000-0x0000000000000000-0x0000000000000000), size 0, SharedBaseAddress: 0x0000000800000000, ArchiveRelocationMode: 0.
Narrow klass base: 0x0000000000000000, Narrow klass shift: 0, Narrow klass range: 0x0

GC Precious Log:
 CardTable entry size: 512
 Card Set container configuration: InlinePtr #cards 5 size 8 Array Of Cards #cards 12 size 40 Howl #buckets 4 coarsen threshold 1843 Howl Bitmap #cards 512 size 80 coarsen threshold 460 Card regions per heap region 1 cards per card region 2048

Heap:
 garbage-first heap   total 0K, used 0K [0x0000000084000000, 0x0000000100000000)
  region size 1024K, 0 young (0K), 0 survivors (0K)

[error occurred during error reporting (printing heap information), id 0xc0000005, EXCEPTION_ACCESS_VIOLATION (0xc0000005) at pc=0x00007ffd009c0cb9]

GC Heap History (0 events):
No events

Deoptimization events (0 events):
No events

Classes loaded (0 events):
No events

Classes unloaded (0 events):
No events

Classes redefined (0 events):
No events

Internal exceptions (0 events):
No events

VM Operations (0 events):
No events

Events (1 events):
Event: 0.005 Loaded shared library C:\Program Files\Java\jdk-18.0.1.1\bin\java.dll


Dynamic libraries:
0x00007ff7f6830000 - 0x00007ff7f6840000 	C:\Program Files\Java\jdk-18.0.1.1\bin\javaw.exe
0x00007ffd8b4c0000 - 0x00007ffd8b6c9000 	C:\Windows\SYSTEM32\ntdll.dll
0x00007ffd89e10000 - 0x00007ffd89ecd000 	C:\Windows\System32\KERNEL32.DLL
0x00007ffd88d00000 - 0x00007ffd89079000 	C:\Windows\System32\KERNELBASE.dll
0x00007ffd81f60000 - 0x00007ffd81ff1000 	C:\Windows\SYSTEM32\apphelp.dll
0x00007ffd89120000 - 0x00007ffd89231000 	C:\Windows\System32\ucrtbase.dll
0x00007ffd7c660000 - 0x00007ffd7c67a000 	C:\Program Files\Java\jdk-18.0.1.1\bin\VCRUNTIME140.dll
0x00007ffd6e010000 - 0x00007ffd6e028000 	C:\Program Files\Java\jdk-18.0.1.1\bin\jli.dll
0x00007ffd899a0000 - 0x00007ffd89a4e000 	C:\Windows\System32\ADVAPI32.dll
0x00007ffd8a8a0000 - 0x00007ffd8a943000 	C:\Windows\System32\msvcrt.dll
0x00007ffd89b00000 - 0x00007ffd89b9e000 	C:\Windows\System32\sechost.dll
0x00007ffd89630000 - 0x00007ffd89750000 	C:\Windows\System32\RPCRT4.dll
0x00007ffd89750000 - 0x00007ffd898fc000 	C:\Windows\System32\USER32.dll
0x00007ffd88be0000 - 0x00007ffd88c06000 	C:\Windows\System32\win32u.dll
0x00007ffd89380000 - 0x00007ffd893a9000 	C:\Windows\System32\GDI32.dll
0x00007ffd89240000 - 0x00007ffd89352000 	C:\Windows\System32\gdi32full.dll
0x00007ffd7c2e0000 - 0x00007ffd7c585000 	C:\Windows\WinSxS\amd64_microsoft.windows.common-controls_6595b64144ccf1df_6.0.22000.120_none_9d947278b86cc467\COMCTL32.dll
0x00007ffd89080000 - 0x00007ffd8911d000 	C:\Windows\System32\msvcp_win.dll
0x00007ffd7c8b0000 - 0x00007ffd7c8ba000 	C:\Windows\SYSTEM32\VERSION.dll
0x00007ffd89ac0000 - 0x00007ffd89af1000 	C:\Windows\System32\IMM32.DLL
0x00007ffd813a0000 - 0x00007ffd813ac000 	C:\Program Files\Java\jdk-18.0.1.1\bin\vcruntime140_1.dll
0x00007ffd39cd0000 - 0x00007ffd39d5d000 	C:\Program Files\Java\jdk-18.0.1.1\bin\msvcp140.dll
0x00007ffd002d0000 - 0x00007ffd00ee0000 	C:\Program Files\Java\jdk-18.0.1.1\bin\server\jvm.dll
0x00007ffd89900000 - 0x00007ffd89908000 	C:\Windows\System32\PSAPI.DLL
0x00007ffd7db80000 - 0x00007ffd7dbb3000 	C:\Windows\SYSTEM32\WINMM.dll
0x00007ffd71560000 - 0x00007ffd71569000 	C:\Windows\SYSTEM32\WSOCK32.dll
0x00007ffd89ed0000 - 0x00007ffd89f3f000 	C:\Windows\System32\WS2_32.dll
0x00007ffd87ba0000 - 0x00007ffd87bb8000 	C:\Windows\SYSTEM32\kernel.appcore.dll
0x00007ffd79130000 - 0x00007ffd7913a000 	C:\Program Files\Java\jdk-18.0.1.1\bin\jimage.dll
0x00007ffd862d0000 - 0x00007ffd864f1000 	C:\Windows\SYSTEM32\DBGHELP.DLL
0x00007ffd7a480000 - 0x00007ffd7a4b1000 	C:\Windows\SYSTEM32\dbgcore.DLL
0x00007ffd88c10000 - 0x00007ffd88c8f000 	C:\Windows\System32\bcryptPrimitives.dll
0x00007ffd71b00000 - 0x00007ffd71b25000 	C:\Program Files\Java\jdk-18.0.1.1\bin\java.dll

dbghelp: loaded successfully - version: 4.0.5 - missing functions: none
symbol engine: initialized successfully - sym options: 0x614 - pdb path: .;C:\Program Files\Java\jdk-18.0.1.1\bin;C:\Windows\SYSTEM32;C:\Windows\WinSxS\amd64_microsoft.windows.common-controls_6595b64144ccf1df_6.0.22000.120_none_9d947278b86cc467;C:\Program Files\Java\jdk-18.0.1.1\bin\server

VM Arguments:
jvm_args: -Dfile.encoding=UTF-8 -XX:+ShowCodeDetailsInExceptionMessages 
java_command: robot.Robot
java_class_path (initial): E:\workspace\java\robot\bin
Launcher Type: SUN_STANDARD

[Global flags]
     intx CICompilerCount                          = 4                                         {product} {ergonomic}
     uint ConcGCThreads                            = 3                                         {product} {ergonomic}
     uint G1ConcRefinementThreads                  = 10                                        {product} {ergonomic}
   size_t G1HeapRegionSize                         = 1048576                                   {product} {ergonomic}
    uintx GCDrainStackTargetSize                   = 64                                        {product} {ergonomic}
   size_t InitialHeapSize                          = 130023424                                 {product} {ergonomic}
   size_t MarkStackSize                            = 4194304                                   {product} {ergonomic}
   size_t MaxHeapSize                              = 2080374784                                {product} {ergonomic}
   size_t MinHeapDeltaBytes                        = 1048576                                   {product} {ergonomic}
   size_t MinHeapSize                              = 8388608                                   {product} {ergonomic}
    uintx NonNMethodCodeHeapSize                   = 5839372                                {pd product} {ergonomic}
    uintx NonProfiledCodeHeapSize                  = 122909434                              {pd product} {ergonomic}
     bool PerfDisableSharedMem                     = true                                      {product} {ergonomic}
    uintx ProfiledCodeHeapSize                     = 122909434                              {pd product} {ergonomic}
    uintx ReservedCodeCacheSize                    = 251658240                              {pd product} {ergonomic}
     bool SegmentedCodeCache                       = true                                      {product} {ergonomic}
     bool ShowCodeDetailsInExceptionMessages       = true                                   {manageable} {command line}
   size_t SoftMaxHeapSize                          = 2080374784                             {manageable} {ergonomic}
     bool UseCompressedClassPointers               = true                           {product lp64_product} {ergonomic}
     bool UseCompressedOops                        = true                           {product lp64_product} {ergonomic}
     bool UseG1GC                                  = true                                      {product} {ergonomic}
     bool UseLargePagesIndividualAllocation        = false                                  {pd product} {ergonomic}

Logging:
Log output configuration:
 #0: stdout all=warning uptime,level,tags foldmultilines=false
 #1: stderr all=off uptime,level,tags foldmultilines=false

Environment Variables:
PATH=C:/Program Files/Java/jdk-18.0.1.1/bin/server;C:/Program Files/Java/jdk-18.0.1.1/bin;C:\Program Files\Zulu\zulu-18\bin\;C:\Program Files\Common Files\Oracle\Java\javapath;C:\Program Files (x86)\VMware\VMware Workstation\bin\;C:\Windows\system32;C:\Windows;C:\Windows\System32\Wbem;C:\Windows\System32\WindowsPowerShell\v1.0\;C:\Windows\System32\OpenSSH\;C:\Program Files (x86)\NVIDIA Corporation\PhysX\Common;C:\Program Files\NVIDIA Corporation\NVIDIA NvDLISR;C:\Program Files\Microsoft SQL Server\150\Tools\Binn\;C:\Program Files\Microsoft SQL Server\Client SDK\ODBC\170\Tools\Binn\;C:\Program Files\dotnet\;C:\Program Files (x86)\Rational\common;C:\ProgramData\chocolatey\bin;C:\Program Files\PowerShell\7\;C:\Users\84961\scoop\apps\nodejs-lts\current\node.exe;C:\Users\84961\go\bin;C:\Users\84961\scoop\apps\nodejs\current\bin;C:\Users\84961\scoop\apps\nodejs\current;C:\Users\84961\scoop\apps\yarn\current\global\node_modules\.bin;C:\Users\84961\scoop\apps\yarn\current\bin;C:\Users\84961\scoop\apps\nodejs-lts\current\bin;C:\Users\84961\scoop\apps\nodejs-lts\current;C:\Users\84961\scoop\apps\python27\current\Scripts;C:\Users\84961\scoop\apps\python27\current;C:\Users\84961\scoop\apps\python\current\Scripts;C:\Users\84961\scoop\apps\python\current;C:\Users\84961\scoop\shims;C:\Users\84961\AppData\Local\Microsoft\WindowsApps;C:\Users\84961\AppData\Local\Programs\Microsoft VS Code\bin;C:\Users\84961\.dotnet\tools;C:\Users\84961\AppData\Local\Programs\Hyper\resources\bin;C:\Users\84961\OneDrive - ut.edu.vn\Máy tính;
USERNAME=ASUS
OS=Windows_NT
PROCESSOR_IDENTIFIER=Intel64 Family 6 Model 141 Stepping 1, GenuineIntel



---------------  S Y S T E M  ---------------

OS:
 Windows 11 , 64 bit Build 22000 (10.0.22000.675)
OS uptime: 2 days 10:38 hours

CPU: total 12 (initial active 12) (6 cores per cpu, 2 threads per core) family 6 model 141 stepping 1 microcode 0x34, cx8, cmov, fxsr, ht, mmx, 3dnowpref, sse, sse2, sse3, ssse3, sse4.1, sse4.2, popcnt, lzcnt, tsc, tscinvbit, avx, avx2, aes, erms, clmul, bmi1, bmi2, adx, avx512f, avx512dq, avx512cd, avx512bw, avx512vl, sha, fma, vzeroupper, avx512_vpopcntdq, avx512_vpclmulqdq, avx512_vaes, avx512_vnni, clflush, clflushopt, clwb, avx512_vbmi2, avx512_vbmi

Memory: 4k page, system-wide physical 7930M (298M free)
TotalPageFile size 28439M (AvailPageFile size 50M)
current process WorkingSet (physical memory assigned to process): 11M, peak: 11M
current process commit charge ("private bytes"): 64M, peak: 188M

vm_info: Java HotSpot(TM) 64-Bit Server VM (18.0.1.1+2-6) for windows-amd64 JRE (18.0.1.1+2-6), built on Apr 25 2022 21:53:15 by "mach5one" with MS VC++ 16.8 / 16.9 (VS2019)

END.
